<?xml version="1.0" encoding="UTF-8"?>
<!-- Generated by org.testng.reporters.JUnitReportReporter -->
<testsuite hostname="PADMAJAGAJAVALLI" failures="0" tests="1" name="test.TestNG_demo2" time="8.304" errors="0" timestamp="2024-02-05T21:32:17 IST" skipped="0">
  <testcase classname="test.TestNG_demo2" name="googleSearch2" time="8.304"/>
</testsuite> <!-- test.TestNG_demo2 -->
