<?xml version="1.0" encoding="UTF-8"?>
<!-- Generated by org.testng.reporters.JUnitReportReporter -->
<testsuite hostname="PADMAJAGAJAVALLI" failures="0" tests="1" name="test.TestNG_demo" time="8.204" errors="0" timestamp="2024-02-12T18:39:56 IST" skipped="0">
  <testcase classname="test.TestNG_demo" name="googleSearch" time="8.204"/>
</testsuite> <!-- test.TestNG_demo -->
