<?xml version="1.0" encoding="UTF-8"?>
<!-- Generated by org.testng.reporters.JUnitReportReporter -->
<testsuite hostname="PADMAJAGAJAVALLI" failures="0" tests="6" name="test.TestNG_demo2" time="53.573" errors="0" timestamp="2024-02-12T19:52:10 IST" skipped="0">
  <testcase classname="test.TestNG_demo2" name="googleSearch3" time="0.001"/>
  <testcase classname="test.TestNG_demo2" name="googleSearch3" time="0.000"/>
  <testcase classname="test.TestNG_demo2" name="googleSearch2" time="17.111"/>
  <testcase classname="test.TestNG_demo2" name="googleSearch2" time="18.720"/>
  <testcase classname="test.TestNG_demo2" name="googleSearch3" time="0.003"/>
  <testcase classname="test.TestNG_demo2" name="googleSearch2" time="17.738"/>
</testsuite> <!-- test.TestNG_demo2 -->
