<?xml version="1.0" encoding="UTF-8"?>
<!-- Generated by org.testng.reporters.JUnitReportReporter -->
<testsuite hostname="PADMAJAGAJAVALLI" failures="0" tests="1" name="test.TestNG_demo" time="6.690" errors="0" timestamp="2024-02-05T21:32:17 IST" skipped="0">
  <testcase classname="test.TestNG_demo" name="googleSearch" time="6.690"/>
</testsuite> <!-- test.TestNG_demo -->
